<?xml version="1.0" encoding="UTF-8"?>
<testsuite name="TollRoadTest" tests="2" skipped="0" failures="0" errors="0" timestamp="2024-12-24T19:02:11" hostname="DESKTOP-URGQT26" time="0.026">
  <properties/>
  <testcase name="getVehicleReportByDescription_multipleVehicles_returnsSortedVehicles()" classname="TollRoadTest" time="0.022"/>
  <testcase name="getVehicleReportByState_multipleVehicles_returnsSortedVehicles()" classname="TollRoadTest" time="0.002"/>
  <system-out><![CDATA[]]></system-out>
  <system-err><![CDATA[]]></system-err>
</testsuite>
